[[[系统日志]]]
[2023/01/07 09:15:04.1685]
[线程：1]
NeuCharFramework 系统启动

[[[自动注册扩展缓存完成]]]
[2023/01/07 09:15:04.1714]
[线程：1]
注册总用时：0.0004ms
自动扫描程序集：0个
扩展缓存：

[[[启动线程]]]
[2023/01/07 09:15:04.2040]
[线程：20]
Senparc.Xncf.DatabaseToolkit-定时备份

[[[监测到 ApplyAllAutoConfigurationMapping 执行]]]
[2023/01/07 09:15:05.2542]
[线程：12]
Senparc.Xncf.SystemManager.Domain.FeedbackConfigurationMapping

[[[监测到 ApplyAllAutoConfigurationMapping 执行]]]
[2023/01/07 09:15:05.2550]
[线程：12]
Senparc.Areas.Admin.Models.AdminUserInfoConfigurationMapping

[[[监测到 ApplyAllAutoConfigurationMapping 执行]]]
[2023/01/07 09:15:05.2588]
[线程：12]
Senparc.Ncf.Core.Models.DataBaseModel.BlankEntityTypeConfiguration`1[[Senparc.Areas.Admin.Domain.Models.AdminUserInfo, Senparc.Areas.Admin, Version=1.0.0.0, Culture=neutral, PublicKeyToken=null]]

[[[监测到 ApplyAllAutoConfigurationMapping 执行]]]
[2023/01/07 09:15:05.2588]
[线程：12]
Senparc.Ncf.Core.Models.DataBaseModel.BlankEntityTypeConfiguration`1[[Senparc.Xncf.DatabaseToolkit.DbConfig, Senparc.Xncf.DatabaseToolkit, Version=0.16.6.0, Culture=neutral, PublicKeyToken=null]]

[[[监测到 ApplyAllAutoConfigurationMapping 执行]]]
[2023/01/07 09:15:05.2595]
[线程：12]
Senparc.Ncf.Core.Models.DataBaseModel.BlankEntityTypeConfiguration`1[[Senparc.Ncf.Core.Models.DataBaseModel.SysMenu, Senparc.Ncf.Core, Version=0.11.4.0, Culture=neutral, PublicKeyToken=null]]

[[[监测到 ApplyAllAutoConfigurationMapping 执行]]]
[2023/01/07 09:15:05.2616]
[线程：12]
Senparc.Ncf.Core.Models.DataBaseModel.BlankEntityTypeConfiguration`1[[Senparc.Ncf.Core.Models.DataBaseModel.SysButton, Senparc.Ncf.Core, Version=0.11.4.0, Culture=neutral, PublicKeyToken=null]]

[[[监测到 ApplyAllAutoConfigurationMapping 执行]]]
[2023/01/07 09:15:05.2624]
[线程：12]
Senparc.Ncf.Core.Models.DataBaseModel.BlankEntityTypeConfiguration`1[[Senparc.Ncf.Core.Models.SystemConfig, Senparc.Ncf.Core, Version=0.11.4.0, Culture=neutral, PublicKeyToken=null]]

[[[监测到 ApplyAllAutoConfigurationMapping 执行]]]
[2023/01/07 09:15:05.2633]
[线程：12]
Senparc.Ncf.Core.Models.DataBaseModel.BlankEntityTypeConfiguration`1[[Senparc.Xncf.SystemManager.Domain.DatabaseModel.FeedBack, Senparc.Xncf.SystemManager, Version=0.3.4.0, Culture=neutral, PublicKeyToken=null]]

[[[监测到 ApplyAllAutoConfigurationMapping 执行]]]
[2023/01/07 09:15:05.2633]
[线程：12]
Senparc.Ncf.Core.Models.DataBaseModel.BlankEntityTypeConfiguration`1[[Senparc.Ncf.Core.Models.DataBaseModel.SysRoleAdminUserInfo, Senparc.Ncf.Core, Version=0.11.4.0, Culture=neutral, PublicKeyToken=null]]

[[[监测到 ApplyAllAutoConfigurationMapping 执行]]]
[2023/01/07 09:15:05.2640]
[线程：12]
Senparc.Ncf.Core.Models.DataBaseModel.BlankEntityTypeConfiguration`1[[Senparc.Ncf.Core.Models.DataBaseModel.SysRolePermission, Senparc.Ncf.Core, Version=0.11.4.0, Culture=neutral, PublicKeyToken=null]]

[[[监测到 ApplyAllAutoConfigurationMapping 执行]]]
[2023/01/07 09:15:05.2647]
[线程：12]
Senparc.Ncf.Core.Models.DataBaseModel.BlankEntityTypeConfiguration`1[[Senparc.Ncf.Core.Models.DataBaseModel.SysRole, Senparc.Ncf.Core, Version=0.11.4.0, Culture=neutral, PublicKeyToken=null]]

[[[监测到 ApplyAllAutoConfigurationMapping 执行]]]
[2023/01/07 09:15:05.2654]
[线程：12]
Senparc.Ncf.Core.Models.DataBaseModel.BlankEntityTypeConfiguration`1[[Senparc.Xncf.Tenant.Domain.DataBaseModel.TenantInfo, Senparc.Xncf.Tenant, Version=0.3.4.0, Culture=neutral, PublicKeyToken=null]]

[[[监测到 ApplyAllAutoConfigurationMapping 执行]]]
[2023/01/07 09:15:05.2661]
[线程：12]
Senparc.Ncf.Core.Models.DataBaseModel.BlankEntityTypeConfiguration`1[[Senparc.Xncf.XncfBuilder.Config, Senparc.Xncf.XncfBuilder, Version=0.13.6.0, Culture=neutral, PublicKeyToken=null]]

[[[监测到 ApplyAllAutoConfigurationMapping 执行]]]
[2023/01/07 09:15:05.2670]
[线程：12]
Senparc.Ncf.Core.Models.DataBaseModel.BlankEntityTypeConfiguration`1[[Senparc.Ncf.Core.Models.DataBaseModel.XncfModule, Senparc.Ncf.Core, Version=0.11.4.0, Culture=neutral, PublicKeyToken=null]]

[[[SenparcEntities 数据库实体注入]]]
[2023/01/07 09:15:05.2671]
[线程：12]
耗时：15.9986ms

[[[管理员登录]]]
[2023/01/07 09:15:36.7501]
[线程：42]
[2023/1/7/周六 9:15:36 +08:00]	管理员登录：SenparcCoreAdmin96
[2023/1/7/周六 9:15:36 +08:00]	结果：True


[[[系统日志]]]
[2023/01/07 16:52:51.2730]
[线程：1]
NeuCharFramework 系统启动

[[[自动注册扩展缓存完成]]]
[2023/01/07 16:52:51.2765]
[线程：1]
注册总用时：0.0031ms
自动扫描程序集：0个
扩展缓存：

[[[启动线程]]]
[2023/01/07 16:52:51.2991]
[线程：20]
Senparc.Xncf.DatabaseToolkit-定时备份

[[[监测到 ApplyAllAutoConfigurationMapping 执行]]]
[2023/01/07 16:52:52.3523]
[线程：13]
Senparc.Xncf.SystemManager.Domain.FeedbackConfigurationMapping

[[[监测到 ApplyAllAutoConfigurationMapping 执行]]]
[2023/01/07 16:52:52.3532]
[线程：13]
Senparc.Areas.Admin.Models.AdminUserInfoConfigurationMapping

[[[监测到 ApplyAllAutoConfigurationMapping 执行]]]
[2023/01/07 16:52:52.3554]
[线程：13]
Senparc.Ncf.Core.Models.DataBaseModel.BlankEntityTypeConfiguration`1[[Senparc.Areas.Admin.Domain.Models.AdminUserInfo, Senparc.Areas.Admin, Version=1.0.0.0, Culture=neutral, PublicKeyToken=null]]

[[[监测到 ApplyAllAutoConfigurationMapping 执行]]]
[2023/01/07 16:52:52.3555]
[线程：13]
Senparc.Ncf.Core.Models.DataBaseModel.BlankEntityTypeConfiguration`1[[Senparc.Xncf.DatabaseToolkit.DbConfig, Senparc.Xncf.DatabaseToolkit, Version=0.16.6.0, Culture=neutral, PublicKeyToken=null]]

[[[监测到 ApplyAllAutoConfigurationMapping 执行]]]
[2023/01/07 16:52:52.3564]
[线程：13]
Senparc.Ncf.Core.Models.DataBaseModel.BlankEntityTypeConfiguration`1[[Senparc.Ncf.Core.Models.DataBaseModel.SysMenu, Senparc.Ncf.Core, Version=0.11.4.0, Culture=neutral, PublicKeyToken=null]]

[[[监测到 ApplyAllAutoConfigurationMapping 执行]]]
[2023/01/07 16:52:52.3586]
[线程：13]
Senparc.Ncf.Core.Models.DataBaseModel.BlankEntityTypeConfiguration`1[[Senparc.Ncf.Core.Models.DataBaseModel.SysButton, Senparc.Ncf.Core, Version=0.11.4.0, Culture=neutral, PublicKeyToken=null]]

[[[监测到 ApplyAllAutoConfigurationMapping 执行]]]
[2023/01/07 16:52:52.3595]
[线程：13]
Senparc.Ncf.Core.Models.DataBaseModel.BlankEntityTypeConfiguration`1[[Senparc.Ncf.Core.Models.SystemConfig, Senparc.Ncf.Core, Version=0.11.4.0, Culture=neutral, PublicKeyToken=null]]

[[[监测到 ApplyAllAutoConfigurationMapping 执行]]]
[2023/01/07 16:52:52.3604]
[线程：13]
Senparc.Ncf.Core.Models.DataBaseModel.BlankEntityTypeConfiguration`1[[Senparc.Xncf.SystemManager.Domain.DatabaseModel.FeedBack, Senparc.Xncf.SystemManager, Version=0.3.4.0, Culture=neutral, PublicKeyToken=null]]

[[[监测到 ApplyAllAutoConfigurationMapping 执行]]]
[2023/01/07 16:52:52.3605]
[线程：13]
Senparc.Ncf.Core.Models.DataBaseModel.BlankEntityTypeConfiguration`1[[Senparc.Ncf.Core.Models.DataBaseModel.SysRoleAdminUserInfo, Senparc.Ncf.Core, Version=0.11.4.0, Culture=neutral, PublicKeyToken=null]]

[[[监测到 ApplyAllAutoConfigurationMapping 执行]]]
[2023/01/07 16:52:52.3612]
[线程：13]
Senparc.Ncf.Core.Models.DataBaseModel.BlankEntityTypeConfiguration`1[[Senparc.Ncf.Core.Models.DataBaseModel.SysRolePermission, Senparc.Ncf.Core, Version=0.11.4.0, Culture=neutral, PublicKeyToken=null]]

[[[监测到 ApplyAllAutoConfigurationMapping 执行]]]
[2023/01/07 16:52:52.3620]
[线程：13]
Senparc.Ncf.Core.Models.DataBaseModel.BlankEntityTypeConfiguration`1[[Senparc.Ncf.Core.Models.DataBaseModel.SysRole, Senparc.Ncf.Core, Version=0.11.4.0, Culture=neutral, PublicKeyToken=null]]

[[[监测到 ApplyAllAutoConfigurationMapping 执行]]]
[2023/01/07 16:52:52.3628]
[线程：13]
Senparc.Ncf.Core.Models.DataBaseModel.BlankEntityTypeConfiguration`1[[Senparc.Xncf.Tenant.Domain.DataBaseModel.TenantInfo, Senparc.Xncf.Tenant, Version=0.3.4.0, Culture=neutral, PublicKeyToken=null]]

[[[监测到 ApplyAllAutoConfigurationMapping 执行]]]
[2023/01/07 16:52:52.3636]
[线程：13]
Senparc.Ncf.Core.Models.DataBaseModel.BlankEntityTypeConfiguration`1[[Senparc.Xncf.XncfBuilder.Config, Senparc.Xncf.XncfBuilder, Version=0.13.6.0, Culture=neutral, PublicKeyToken=null]]

[[[监测到 ApplyAllAutoConfigurationMapping 执行]]]
[2023/01/07 16:52:52.3646]
[线程：13]
Senparc.Ncf.Core.Models.DataBaseModel.BlankEntityTypeConfiguration`1[[Senparc.Ncf.Core.Models.DataBaseModel.XncfModule, Senparc.Ncf.Core, Version=0.11.4.0, Culture=neutral, PublicKeyToken=null]]

[[[SenparcEntities 数据库实体注入]]]
[2023/01/07 16:52:52.3646]
[线程：13]
耗时：15.6836ms

